<?xml version="1.0" encoding="UTF-8"?>
<testng-results skipped="4" failed="0" total="5" passed="1">
  <reporter-output>
  </reporter-output>
  <suite name="My Sample Suite" duration-ms="30574" started-at="2018-08-19T08:44:32Z" finished-at="2018-08-19T08:45:02Z">
    <groups>
    </groups>
    <test name="CreateLeadTest" duration-ms="871" started-at="2018-08-19T08:44:32Z" finished-at="2018-08-19T08:44:33Z">
      <class name="com.qtpselenium.zoho.testcases.CreateLeadTest">
        <test-method status="PASS" signature="init()[pri:0, instance:com.qtpselenium.zoho.testcases.CreateLeadTest@3e58a80e]" name="init" is-config="true" duration-ms="255" started-at="2018-08-19T16:44:32Z" finished-at="2018-08-19T16:44:32Z">
          <reporter-output>
          </reporter-output>
        </test-method> <!-- init -->
        <test-method status="SKIP" signature="CreateLeadTest(java.util.Hashtable)[pri:0, instance:com.qtpselenium.zoho.testcases.CreateLeadTest@3e58a80e]" name="CreateLeadTest" duration-ms="2" started-at="2018-08-19T16:44:32Z" data-provider="getdata" finished-at="2018-08-19T16:44:32Z">
          <params>
            <param index="0">
              <value>
                <![CDATA[{ExpectedResult=Y, FirstName=Jimmy, LastName=Prince, Runmode=N, Company=Infosys, Browser=Mozilla}]]>
              </value>
            </param>
          </params>
          <exception class="org.testng.SkipException">
            <message>
              <![CDATA[Skipping the test as Runmode was N]]>
            </message>
            <full-stacktrace>
              <![CDATA[org.testng.SkipException: Skipping the test as Runmode was N
	at com.qtpselenium.zoho.testcases.CreateLeadTest.CreateLeadTest(CreateLeadTest.java:43)
	at sun.reflect.NativeMethodAccessorImpl.invoke0(Native Method)
	at sun.reflect.NativeMethodAccessorImpl.invoke(NativeMethodAccessorImpl.java:62)
	at sun.reflect.DelegatingMethodAccessorImpl.invoke(DelegatingMethodAccessorImpl.java:43)
	at java.lang.reflect.Method.invoke(Method.java:498)
	at org.testng.internal.MethodInvocationHelper.invokeMethod(MethodInvocationHelper.java:85)
	at org.testng.internal.Invoker.invokeMethod(Invoker.java:639)
	at org.testng.internal.Invoker.invokeTestMethod(Invoker.java:816)
	at org.testng.internal.Invoker.invokeTestMethods(Invoker.java:1124)
	at org.testng.internal.TestMethodWorker.invokeTestMethods(TestMethodWorker.java:125)
	at org.testng.internal.TestMethodWorker.run(TestMethodWorker.java:108)
	at org.testng.TestRunner.privateRun(TestRunner.java:774)
	at org.testng.TestRunner.run(TestRunner.java:624)
	at org.testng.SuiteRunner.runTest(SuiteRunner.java:359)
	at org.testng.SuiteRunner.access$000(SuiteRunner.java:39)
	at org.testng.SuiteRunner$SuiteWorker.run(SuiteRunner.java:393)
	at org.testng.internal.thread.ThreadUtil$2.call(ThreadUtil.java:64)
	at java.util.concurrent.FutureTask.run(FutureTask.java:266)
	at java.util.concurrent.ThreadPoolExecutor.runWorker(ThreadPoolExecutor.java:1142)
	at java.util.concurrent.ThreadPoolExecutor$Worker.run(ThreadPoolExecutor.java:617)
	at java.lang.Thread.run(Thread.java:745)
]]>
            </full-stacktrace>
          </exception> <!-- org.testng.SkipException -->
          <reporter-output>
          </reporter-output>
        </test-method> <!-- CreateLeadTest -->
        <test-method status="FAIL" signature="quit()[pri:0, instance:com.qtpselenium.zoho.testcases.CreateLeadTest@3e58a80e]" name="quit" is-config="true" duration-ms="0" started-at="2018-08-19T16:44:32Z" finished-at="2018-08-19T16:44:32Z">
          <exception class="java.lang.NullPointerException">
            <full-stacktrace>
              <![CDATA[java.lang.NullPointerException
	at com.qtpselenium.zoho.testcases.CreateLeadTest.quit(CreateLeadTest.java:36)
	at sun.reflect.NativeMethodAccessorImpl.invoke0(Native Method)
	at sun.reflect.NativeMethodAccessorImpl.invoke(NativeMethodAccessorImpl.java:62)
	at sun.reflect.DelegatingMethodAccessorImpl.invoke(DelegatingMethodAccessorImpl.java:43)
	at java.lang.reflect.Method.invoke(Method.java:498)
	at org.testng.internal.MethodInvocationHelper.invokeMethod(MethodInvocationHelper.java:85)
	at org.testng.internal.Invoker.invokeConfigurationMethod(Invoker.java:510)
	at org.testng.internal.Invoker.invokeConfigurations(Invoker.java:211)
	at org.testng.internal.Invoker.invokeMethod(Invoker.java:703)
	at org.testng.internal.Invoker.invokeTestMethod(Invoker.java:816)
	at org.testng.internal.Invoker.invokeTestMethods(Invoker.java:1124)
	at org.testng.internal.TestMethodWorker.invokeTestMethods(TestMethodWorker.java:125)
	at org.testng.internal.TestMethodWorker.run(TestMethodWorker.java:108)
	at org.testng.TestRunner.privateRun(TestRunner.java:774)
	at org.testng.TestRunner.run(TestRunner.java:624)
	at org.testng.SuiteRunner.runTest(SuiteRunner.java:359)
	at org.testng.SuiteRunner.access$000(SuiteRunner.java:39)
	at org.testng.SuiteRunner$SuiteWorker.run(SuiteRunner.java:393)
	at org.testng.internal.thread.ThreadUtil$2.call(ThreadUtil.java:64)
	at java.util.concurrent.FutureTask.run(FutureTask.java:266)
	at java.util.concurrent.ThreadPoolExecutor.runWorker(ThreadPoolExecutor.java:1142)
	at java.util.concurrent.ThreadPoolExecutor$Worker.run(ThreadPoolExecutor.java:617)
	at java.lang.Thread.run(Thread.java:745)
]]>
            </full-stacktrace>
          </exception> <!-- java.lang.NullPointerException -->
          <reporter-output>
          </reporter-output>
        </test-method> <!-- quit -->
        <test-method status="SKIP" signature="CreateLeadTest(java.util.Hashtable)[pri:0, instance:com.qtpselenium.zoho.testcases.CreateLeadTest@3e58a80e]" name="CreateLeadTest" duration-ms="0" started-at="2018-08-19T16:44:33Z" data-provider="getdata" finished-at="2018-08-19T16:44:33Z">
          <params>
            <param index="0">
              <value>
                <![CDATA[{ExpectedResult=Y, FirstName=xxx, LastName=xx, Runmode=N, Company=xx, Browser=Mozilla}]]>
              </value>
            </param>
          </params>
          <reporter-output>
          </reporter-output>
        </test-method> <!-- CreateLeadTest -->
        <test-method status="SKIP" signature="quit()[pri:0, instance:com.qtpselenium.zoho.testcases.CreateLeadTest@3e58a80e]" name="quit" is-config="true" duration-ms="0" started-at="2018-08-19T16:44:33Z" finished-at="2018-08-19T16:44:33Z">
          <reporter-output>
          </reporter-output>
        </test-method> <!-- quit -->
        <test-method status="SKIP" signature="init()[pri:0, instance:com.qtpselenium.zoho.testcases.CreateLeadTest@3e58a80e]" name="init" is-config="true" duration-ms="0" started-at="2018-08-19T16:44:33Z" finished-at="2018-08-19T16:44:33Z">
          <reporter-output>
          </reporter-output>
        </test-method> <!-- init -->
      </class> <!-- com.qtpselenium.zoho.testcases.CreateLeadTest -->
    </test> <!-- CreateLeadTest -->
    <test name="DeleteLeadTest" duration-ms="1003" started-at="2018-08-19T08:44:32Z" finished-at="2018-08-19T08:44:33Z">
      <class name="com.qtpselenium.zoho.testcases.DeleteLeadTest">
        <test-method status="PASS" signature="init()[pri:0, instance:com.qtpselenium.zoho.testcases.DeleteLeadTest@7f0eb4b4]" name="init" is-config="true" duration-ms="255" started-at="2018-08-19T16:44:32Z" finished-at="2018-08-19T16:44:32Z">
          <reporter-output>
          </reporter-output>
        </test-method> <!-- init -->
        <test-method status="SKIP" signature="deleteLeadTest(java.util.Hashtable)[pri:0, instance:com.qtpselenium.zoho.testcases.DeleteLeadTest@7f0eb4b4]" name="deleteLeadTest" duration-ms="2" started-at="2018-08-19T16:44:32Z" data-provider="getData" finished-at="2018-08-19T16:44:32Z">
          <params>
            <param index="0">
              <value>
                <![CDATA[{Name=Jimmy Prince, Runmode=N, Browser=Mozilla}]]>
              </value>
            </param>
          </params>
          <exception class="org.testng.SkipException">
            <message>
              <![CDATA[Skipping the test as Runmode was N]]>
            </message>
            <full-stacktrace>
              <![CDATA[org.testng.SkipException: Skipping the test as Runmode was N
	at com.qtpselenium.zoho.testcases.DeleteLeadTest.deleteLeadTest(DeleteLeadTest.java:43)
	at sun.reflect.NativeMethodAccessorImpl.invoke0(Native Method)
	at sun.reflect.NativeMethodAccessorImpl.invoke(NativeMethodAccessorImpl.java:62)
	at sun.reflect.DelegatingMethodAccessorImpl.invoke(DelegatingMethodAccessorImpl.java:43)
	at java.lang.reflect.Method.invoke(Method.java:498)
	at org.testng.internal.MethodInvocationHelper.invokeMethod(MethodInvocationHelper.java:85)
	at org.testng.internal.Invoker.invokeMethod(Invoker.java:639)
	at org.testng.internal.Invoker.invokeTestMethod(Invoker.java:816)
	at org.testng.internal.Invoker.invokeTestMethods(Invoker.java:1124)
	at org.testng.internal.TestMethodWorker.invokeTestMethods(TestMethodWorker.java:125)
	at org.testng.internal.TestMethodWorker.run(TestMethodWorker.java:108)
	at org.testng.TestRunner.privateRun(TestRunner.java:774)
	at org.testng.TestRunner.run(TestRunner.java:624)
	at org.testng.SuiteRunner.runTest(SuiteRunner.java:359)
	at org.testng.SuiteRunner.access$000(SuiteRunner.java:39)
	at org.testng.SuiteRunner$SuiteWorker.run(SuiteRunner.java:393)
	at org.testng.internal.thread.ThreadUtil$2.call(ThreadUtil.java:64)
	at java.util.concurrent.FutureTask.run(FutureTask.java:266)
	at java.util.concurrent.ThreadPoolExecutor.runWorker(ThreadPoolExecutor.java:1142)
	at java.util.concurrent.ThreadPoolExecutor$Worker.run(ThreadPoolExecutor.java:617)
	at java.lang.Thread.run(Thread.java:745)
]]>
            </full-stacktrace>
          </exception> <!-- org.testng.SkipException -->
          <reporter-output>
          </reporter-output>
        </test-method> <!-- deleteLeadTest -->
        <test-method status="FAIL" signature="quit()[pri:0, instance:com.qtpselenium.zoho.testcases.DeleteLeadTest@7f0eb4b4]" name="quit" is-config="true" duration-ms="0" started-at="2018-08-19T16:44:32Z" finished-at="2018-08-19T16:44:32Z">
          <exception class="java.lang.NullPointerException">
            <full-stacktrace>
              <![CDATA[java.lang.NullPointerException
	at com.qtpselenium.zoho.testcases.DeleteLeadTest.quit(DeleteLeadTest.java:36)
	at sun.reflect.NativeMethodAccessorImpl.invoke0(Native Method)
	at sun.reflect.NativeMethodAccessorImpl.invoke(NativeMethodAccessorImpl.java:62)
	at sun.reflect.DelegatingMethodAccessorImpl.invoke(DelegatingMethodAccessorImpl.java:43)
	at java.lang.reflect.Method.invoke(Method.java:498)
	at org.testng.internal.MethodInvocationHelper.invokeMethod(MethodInvocationHelper.java:85)
	at org.testng.internal.Invoker.invokeConfigurationMethod(Invoker.java:510)
	at org.testng.internal.Invoker.invokeConfigurations(Invoker.java:211)
	at org.testng.internal.Invoker.invokeMethod(Invoker.java:703)
	at org.testng.internal.Invoker.invokeTestMethod(Invoker.java:816)
	at org.testng.internal.Invoker.invokeTestMethods(Invoker.java:1124)
	at org.testng.internal.TestMethodWorker.invokeTestMethods(TestMethodWorker.java:125)
	at org.testng.internal.TestMethodWorker.run(TestMethodWorker.java:108)
	at org.testng.TestRunner.privateRun(TestRunner.java:774)
	at org.testng.TestRunner.run(TestRunner.java:624)
	at org.testng.SuiteRunner.runTest(SuiteRunner.java:359)
	at org.testng.SuiteRunner.access$000(SuiteRunner.java:39)
	at org.testng.SuiteRunner$SuiteWorker.run(SuiteRunner.java:393)
	at org.testng.internal.thread.ThreadUtil$2.call(ThreadUtil.java:64)
	at java.util.concurrent.FutureTask.run(FutureTask.java:266)
	at java.util.concurrent.ThreadPoolExecutor.runWorker(ThreadPoolExecutor.java:1142)
	at java.util.concurrent.ThreadPoolExecutor$Worker.run(ThreadPoolExecutor.java:617)
	at java.lang.Thread.run(Thread.java:745)
]]>
            </full-stacktrace>
          </exception> <!-- java.lang.NullPointerException -->
          <reporter-output>
          </reporter-output>
        </test-method> <!-- quit -->
      </class> <!-- com.qtpselenium.zoho.testcases.DeleteLeadTest -->
    </test> <!-- DeleteLeadTest -->
    <test name="Login Test" duration-ms="30574" started-at="2018-08-19T08:44:32Z" finished-at="2018-08-19T08:45:02Z">
      <class name="com.qtpselenium.zoho.testcases.LoginTest">
        <test-method status="PASS" signature="init()[pri:0, instance:com.qtpselenium.zoho.testcases.LoginTest@2f7298b]" name="init" is-config="true" duration-ms="255" started-at="2018-08-19T16:44:32Z" finished-at="2018-08-19T16:44:32Z">
          <reporter-output>
          </reporter-output>
        </test-method> <!-- init -->
        <test-method status="PASS" signature="dologin(java.util.Hashtable)[pri:0, instance:com.qtpselenium.zoho.testcases.LoginTest@2f7298b]" name="dologin" duration-ms="29163" started-at="2018-08-19T16:44:32Z" data-provider="getdata" finished-at="2018-08-19T16:45:01Z">
          <params>
            <param index="0">
              <value>
                <![CDATA[{Username=ylucky25@gmail.com, ExpectedResult=Y, Password=manojbagwan5, Runmode=Y, Browser=Mozilla}]]>
              </value>
            </param>
          </params>
          <reporter-output>
          </reporter-output>
        </test-method> <!-- dologin -->
        <test-method status="PASS" signature="quit()[pri:0, instance:com.qtpselenium.zoho.testcases.LoginTest@2f7298b]" name="quit" is-config="true" duration-ms="989" started-at="2018-08-19T16:45:01Z" finished-at="2018-08-19T16:45:02Z">
          <reporter-output>
          </reporter-output>
        </test-method> <!-- quit -->
        <test-method status="PASS" signature="init()[pri:0, instance:com.qtpselenium.zoho.testcases.LoginTest@2f7298b]" name="init" is-config="true" duration-ms="0" started-at="2018-08-19T16:45:02Z" finished-at="2018-08-19T16:45:02Z">
          <reporter-output>
          </reporter-output>
        </test-method> <!-- init -->
        <test-method status="SKIP" signature="dologin(java.util.Hashtable)[pri:0, instance:com.qtpselenium.zoho.testcases.LoginTest@2f7298b]" name="dologin" duration-ms="0" started-at="2018-08-19T16:45:02Z" data-provider="getdata" finished-at="2018-08-19T16:45:02Z">
          <params>
            <param index="0">
              <value>
                <![CDATA[{Username=ychawla03@gmail.com, ExpectedResult=Y, Password=pass@1234, Runmode=N, Browser=Chrome}]]>
              </value>
            </param>
          </params>
          <exception class="org.testng.SkipException">
            <message>
              <![CDATA[Skipping the test as Runmode was N]]>
            </message>
            <full-stacktrace>
              <![CDATA[org.testng.SkipException: Skipping the test as Runmode was N
	at com.qtpselenium.zoho.testcases.LoginTest.dologin(LoginTest.java:43)
	at sun.reflect.NativeMethodAccessorImpl.invoke0(Native Method)
	at sun.reflect.NativeMethodAccessorImpl.invoke(NativeMethodAccessorImpl.java:62)
	at sun.reflect.DelegatingMethodAccessorImpl.invoke(DelegatingMethodAccessorImpl.java:43)
	at java.lang.reflect.Method.invoke(Method.java:498)
	at org.testng.internal.MethodInvocationHelper.invokeMethod(MethodInvocationHelper.java:85)
	at org.testng.internal.Invoker.invokeMethod(Invoker.java:639)
	at org.testng.internal.Invoker.invokeTestMethod(Invoker.java:816)
	at org.testng.internal.Invoker.invokeTestMethods(Invoker.java:1124)
	at org.testng.internal.TestMethodWorker.invokeTestMethods(TestMethodWorker.java:125)
	at org.testng.internal.TestMethodWorker.run(TestMethodWorker.java:108)
	at org.testng.TestRunner.privateRun(TestRunner.java:774)
	at org.testng.TestRunner.run(TestRunner.java:624)
	at org.testng.SuiteRunner.runTest(SuiteRunner.java:359)
	at org.testng.SuiteRunner.access$000(SuiteRunner.java:39)
	at org.testng.SuiteRunner$SuiteWorker.run(SuiteRunner.java:393)
	at org.testng.internal.thread.ThreadUtil$2.call(ThreadUtil.java:64)
	at java.util.concurrent.FutureTask.run(FutureTask.java:266)
	at java.util.concurrent.ThreadPoolExecutor.runWorker(ThreadPoolExecutor.java:1142)
	at java.util.concurrent.ThreadPoolExecutor$Worker.run(ThreadPoolExecutor.java:617)
	at java.lang.Thread.run(Thread.java:745)
]]>
            </full-stacktrace>
          </exception> <!-- org.testng.SkipException -->
          <reporter-output>
          </reporter-output>
        </test-method> <!-- dologin -->
        <test-method status="PASS" signature="quit()[pri:0, instance:com.qtpselenium.zoho.testcases.LoginTest@2f7298b]" name="quit" is-config="true" duration-ms="133" started-at="2018-08-19T16:45:02Z" finished-at="2018-08-19T16:45:02Z">
          <reporter-output>
          </reporter-output>
        </test-method> <!-- quit -->
      </class> <!-- com.qtpselenium.zoho.testcases.LoginTest -->
    </test> <!-- Login Test -->
  </suite> <!-- My Sample Suite -->
</testng-results>
